C51 COMPILER V9.57.0.0   AT24C02                                                           07/09/2024 10:19:37 PAGE 1   


C51 COMPILER V9.57.0.0, COMPILATION OF MODULE AT24C02
OBJECT MODULE PLACED IN .\Objects\AT24C02.obj
COMPILER INVOKED BY: D:\360Downloads\C51\BIN\C51.EXE AT24C02.c OPTIMIZE(8,SPEED) BROWSE DEBUG OBJECTEXTEND PRINT(.\Listi
                    -ngs\AT24C02.lst) TABS(2) OBJECT(.\Objects\AT24C02.obj)

line level    source

   1          #include <REGX52.H>
   2          #include "I2C.h"
   3          
   4          #define AT24C02_ADDRESS   0xA0
   5          
   6          void AT24C02_WriteByte(unsigned char Address,Data)
   7          { 
   8   1        I2C_start();
   9   1        I2C_sendByte(AT24C02_ADDRESS);
  10   1        I2C_ReceiveACK();
  11   1        I2C_sendByte(Address);
  12   1        I2C_ReceiveACK();
  13   1        I2C_sendByte(Data);
  14   1        I2C_ReceiveACK();
  15   1        I2C_stop();
  16   1      }
  17          
  18          unsigned char AT24C02_ReadByte(unsigned char Address)
  19          { 
  20   1        unsigned char Data;
  21   1        I2C_start();
  22   1        I2C_sendByte(AT24C02_ADDRESS);
  23   1        I2C_ReceiveACK();
  24   1        I2C_sendByte(Address);
  25   1        I2C_ReceiveACK();
  26   1        I2C_start();
  27   1        I2C_sendByte(AT24C02_ADDRESS|0x01);
  28   1        I2C_ReceiveACK();
  29   1        Data = I2C_ReceiveByte();
  30   1        I2C_SendAck(1);
  31   1        I2C_stop();
  32   1      
  33   1        return Data;
  34   1      }


MODULE INFORMATION:   STATIC OVERLAYABLE
   CODE SIZE        =     84    ----
   CONSTANT SIZE    =   ----    ----
   XDATA SIZE       =   ----    ----
   PDATA SIZE       =   ----    ----
   DATA SIZE        =   ----       5
   IDATA SIZE       =   ----    ----
   BIT SIZE         =   ----    ----
END OF MODULE INFORMATION.


C51 COMPILATION COMPLETE.  0 WARNING(S),  0 ERROR(S)
