C51 COMPILER V9.57.0.0   I2C                                                               07/09/2024 10:21:34 PAGE 1   


C51 COMPILER V9.57.0.0, COMPILATION OF MODULE I2C
OBJECT MODULE PLACED IN .\Objects\I2C.obj
COMPILER INVOKED BY: D:\360Downloads\C51\BIN\C51.EXE I2C.c OPTIMIZE(8,SPEED) BROWSE DEBUG OBJECTEXTEND PRINT(.\Listings\
                    -I2C.lst) TABS(2) OBJECT(.\Objects\I2C.obj)

line level    source

   1          #include <REGX52.H>
   2          
   3          sbit I2C_SDA = P2^0;
   4          sbit I2C_SCL = P2^1;
   5          
   6          void I2C_start()
   7          {
   8   1        I2C_SDA = 1;
   9   1        I2C_SCL = 1;
  10   1        I2C_SDA = 0;
  11   1        I2C_SCL = 0;
  12   1      }
  13          
  14          void I2C_stop()
  15          {
  16   1        I2C_SDA = 0;
  17   1        I2C_SCL = 1;
  18   1        I2C_SDA = 1;
  19   1      }
  20          
  21          void I2C_sendByte(unsigned char Byte)
  22          {
  23   1        unsigned char i;
  24   1        for(i = 0;i < 8;i++)
  25   1        {
  26   2          I2C_SDA = Byte&(0x80>>i);
  27   2          I2C_SCL = 1;
  28   2          I2C_SCL = 0;
  29   2        }
  30   1      }
  31          
  32          unsigned char I2C_ReceiveByte()
  33          {
  34   1        unsigned char Byte,i;
  35   1        I2C_SDA = 1;
  36   1        for(i = 0;i < 8;i++)
  37   1        {
  38   2          I2C_SCL = 1;
  39   2          if( I2C_SDA)
  40   2          {
  41   3            Byte |= (0x80 >> i);
  42   3          }
  43   2          I2C_SCL = 0;
  44   2        }
  45   1        return Byte;
  46   1      }
  47          
  48          void I2C_SendAck(unsigned char Ackbit)
  49          {
  50   1        I2C_SDA = Ackbit;
  51   1        I2C_SCL = 1;
  52   1        I2C_SCL = 0;
  53   1        
  54   1      }
C51 COMPILER V9.57.0.0   I2C                                                               07/09/2024 10:21:34 PAGE 2   

  55          
  56          unsigned char I2C_ReceiveACK()
  57          {
  58   1        unsigned char ACKbit;
  59   1        I2C_SDA = 1;
  60   1        I2C_SCL = 1;
  61   1        ACKbit = I2C_SDA;
  62   1        I2C_SCL = 0;
  63   1        return ACKbit;
  64   1      }


MODULE INFORMATION:   STATIC OVERLAYABLE
   CODE SIZE        =    108    ----
   CONSTANT SIZE    =   ----    ----
   XDATA SIZE       =   ----    ----
   PDATA SIZE       =   ----    ----
   DATA SIZE        =   ----    ----
   IDATA SIZE       =   ----    ----
   BIT SIZE         =   ----    ----
END OF MODULE INFORMATION.


C51 COMPILATION COMPLETE.  0 WARNING(S),  0 ERROR(S)
