C51 COMPILER V9.57.0.0   MAIN                                                              07/09/2024 10:20:04 PAGE 1   


C51 COMPILER V9.57.0.0, COMPILATION OF MODULE MAIN
OBJECT MODULE PLACED IN .\Objects\main.obj
COMPILER INVOKED BY: D:\360Downloads\C51\BIN\C51.EXE main.c OPTIMIZE(8,SPEED) BROWSE DEBUG OBJECTEXTEND PRINT(.\Listings
                    -\main.lst) TABS(2) OBJECT(.\Objects\main.obj)

line level    source

   1          #include <REGX52.H>
   2          #include "AT24C02.h"
   3          #include "LCD1602.h"
   4          #include "key.h"
   5          #include "Delay.h"
   6          
   7          unsigned char Data;
   8          
   9          void main()
  10          {
  11   1        LCD_Init();
  12   1        AT24C02_WriteByte(1,66);
  13   1        Delay(5);
  14   1        Data = AT24C02_ReadByte(1);
  15   1        LCD_ShowNum(2,1,Data,3);
  16   1        while(1)
  17   1        {
  18   2          
  19   2        }
  20   1      }


MODULE INFORMATION:   STATIC OVERLAYABLE
   CODE SIZE        =     42    ----
   CONSTANT SIZE    =   ----    ----
   XDATA SIZE       =   ----    ----
   PDATA SIZE       =   ----    ----
   DATA SIZE        =      1    ----
   IDATA SIZE       =   ----    ----
   BIT SIZE         =   ----    ----
END OF MODULE INFORMATION.


C51 COMPILATION COMPLETE.  0 WARNING(S),  0 ERROR(S)
