C51 COMPILER V9.57.0.0   MAIN                                                              07/07/2024 16:41:24 PAGE 1   


C51 COMPILER V9.57.0.0, COMPILATION OF MODULE MAIN
OBJECT MODULE PLACED IN .\Objects\main.obj
COMPILER INVOKED BY: D:\360Downloads\C51\BIN\C51.EXE main.c OPTIMIZE(8,SPEED) BROWSE DEBUG OBJECTEXTEND PRINT(.\Listings
                    -\main.lst) TABS(2) OBJECT(.\Objects\main.obj)

line level    source

   1          #include <REGX52.H>
   2          #include "Delay.h"
   3          #include "MAtrixLED.h"
   4          #include "Timer0.h"
   5          unsigned char Offset;
   6          unsigned char Animation[] = {0x30,0x78,0x7C,0x3E,0x3E,0x7C,0x78,0x30,0x04,0x08,0x11,0x7F,0x10,0x08,0x06,0x
             -00,
   7          0x00,0x00,0x05,0x15,0xD6,0xDC,0xD6,0x15,0x05,0x00,0x00,0x00,0x00,0x00,0x00,0x00,};
   8          
   9          void Timer0_Routine() interrupt 1
  10          {
  11   1        static unsigned int T0Count;
  12   1        TL0 = 0x66;   //设置定时初值
  13   1        TH0 = 0xFC;   //设置定时初值
  14   1        T0Count++;
  15   1        if(T0Count>=250)
  16   1        {
  17   2      
  18   2          T0Count = 0;
  19   2          Offset++;
  20   2          if(Offset>=32)
  21   2          {
  22   3            Offset = 0;
  23   3          }
  24   2        }
  25   1      }
  26          
  27          void main()
  28          { 
  29   1        unsigned char i;
  30   1        Matrix_Init();
  31   1        Timer0Init();
  32   1        while(1)
  33   1        { 
  34   2          for(i = 0;i < 8;i++)
  35   2          {
  36   3          Matrix(i,Animation[i + Offset]);    
  37   3          }
  38   2      } 
  39   1      }
  40          


MODULE INFORMATION:   STATIC OVERLAYABLE
   CODE SIZE        =     85    ----
   CONSTANT SIZE    =   ----    ----
   XDATA SIZE       =   ----    ----
   PDATA SIZE       =   ----    ----
   DATA SIZE        =     35       1
   IDATA SIZE       =   ----    ----
   BIT SIZE         =   ----    ----
END OF MODULE INFORMATION.


C51 COMPILATION COMPLETE.  0 WARNING(S),  0 ERROR(S)
