C51 COMPILER V9.57.0.0   BUZZER                                                            07/08/2024 18:01:17 PAGE 1   


C51 COMPILER V9.57.0.0, COMPILATION OF MODULE BUZZER
OBJECT MODULE PLACED IN .\Objects\buzzer.obj
COMPILER INVOKED BY: D:\360Downloads\C51\BIN\C51.EXE buzzer.c OPTIMIZE(8,SPEED) BROWSE DEBUG OBJECTEXTEND PRINT(.\Listin
                    -gs\buzzer.lst) TABS(2) OBJECT(.\Objects\buzzer.obj)

line level    source

   1          #include <REGX52.H>
   2          #include "Delay.h"
   3          
   4          
   5          sbit Buzzer = P2^5;
   6          
   7          unsigned int i;
   8          
   9          void buzzeer_time (unsigned int ms)
  10          {
  11   1        for(i=0;i<ms;i++)
  12   1          {
  13   2            Buzzer = !Buzzer;
  14   2            Delay(1);
  15   2          }
  16   1        
  17   1        
  18   1      }


MODULE INFORMATION:   STATIC OVERLAYABLE
   CODE SIZE        =     40    ----
   CONSTANT SIZE    =   ----    ----
   XDATA SIZE       =   ----    ----
   PDATA SIZE       =   ----    ----
   DATA SIZE        =      2       2
   IDATA SIZE       =   ----    ----
   BIT SIZE         =   ----    ----
END OF MODULE INFORMATION.


C51 COMPILATION COMPLETE.  0 WARNING(S),  0 ERROR(S)
