C51 COMPILER V9.57.0.0   MAIN                                                              07/08/2024 18:20:21 PAGE 1   


C51 COMPILER V9.57.0.0, COMPILATION OF MODULE MAIN
OBJECT MODULE PLACED IN .\Objects\main.obj
COMPILER INVOKED BY: D:\360Downloads\C51\BIN\C51.EXE main.c OPTIMIZE(8,SPEED) BROWSE DEBUG OBJECTEXTEND PRINT(.\Listings
                    -\main.lst) TABS(2) OBJECT(.\Objects\main.obj)

line level    source

   1          #include <REGX52.H>
   2          #include "Delay.h"
   3          #include "key.h"
   4          #include "Nixie.h"
   5          #include "buzzer.h"
   6          
   7            
   8          unsigned char keynum;
   9          void main()
  10          {   
  11   1        Nixie(1,keynum);
  12   1      
  13   1        while(1)
  14   1        {
  15   2          keynum = Key();
  16   2          if(keynum)
  17   2          {   
  18   3            buzzeer_time(500);
  19   3              Nixie(1,keynum);
  20   3      
  21   3          }
  22   2      
  23   2        }
  24   1      }


MODULE INFORMATION:   STATIC OVERLAYABLE
   CODE SIZE        =     38    ----
   CONSTANT SIZE    =   ----    ----
   XDATA SIZE       =   ----    ----
   PDATA SIZE       =   ----    ----
   DATA SIZE        =      1    ----
   IDATA SIZE       =   ----    ----
   BIT SIZE         =   ----    ----
END OF MODULE INFORMATION.


C51 COMPILATION COMPLETE.  0 WARNING(S),  0 ERROR(S)
