C51 COMPILER V9.57.0.0   MAIN                                                              07/05/2024 13:46:51 PAGE 1   


C51 COMPILER V9.57.0.0, COMPILATION OF MODULE MAIN
OBJECT MODULE PLACED IN .\Objects\main.obj
COMPILER INVOKED BY: D:\360Downloads\C51\BIN\C51.EXE main.c OPTIMIZE(8,SPEED) BROWSE DEBUG OBJECTEXTEND PRINT(.\Listings
                    -\main.lst) TABS(2) OBJECT(.\Objects\main.obj)

line level    source

   1          #include <REGX52.H>
   2          #include <INTRINS.H>
   3          #include "Timer0.h"
   4          #include "key.h"
   5          unsigned char KeyNum,LedMode;
   6          void main()
   7          {
   8   1        P2 = 0xFE;
   9   1        Timer0Init();
  10   1        while(1)
  11   1        {
  12   2          KeyNum = key();
*** WARNING C206 IN LINE 12 OF main.c: 'key': missing function-prototype
  13   2          if(KeyNum==1)
  14   2          {
  15   3            LedMode=0;
  16   3          }
  17   2          if(KeyNum==2)
  18   2          {
  19   3            LedMode=1;
  20   3          }
  21   2        }
  22   1      }
  23          
  24          void Timer0_Routine() interrupt 1
  25          {
  26   1        static unsigned int T0Count;
  27   1        TL0 = 0x66;   //设置定时初值
  28   1        TH0 = 0xFC;   //设置定时初值
  29   1        T0Count++;
  30   1        if(T0Count>=500)
  31   1        {
  32   2          T0Count = 0;
  33   2          if(LedMode == 0)P2 = _crol_(P2,1);
  34   2          if(LedMode == 1)P2 = _cror_(P2,1);  
  35   2        }
  36   1      }


MODULE INFORMATION:   STATIC OVERLAYABLE
   CODE SIZE        =    113    ----
   CONSTANT SIZE    =   ----    ----
   XDATA SIZE       =   ----    ----
   PDATA SIZE       =   ----    ----
   DATA SIZE        =      4    ----
   IDATA SIZE       =   ----    ----
   BIT SIZE         =   ----    ----
END OF MODULE INFORMATION.


C51 COMPILATION COMPLETE.  1 WARNING(S),  0 ERROR(S)
