C51 COMPILER V9.57.0.0   MAIN                                                              06/19/2024 10:34:43 PAGE 1   


C51 COMPILER V9.57.0.0, COMPILATION OF MODULE MAIN
OBJECT MODULE PLACED IN .\Objects\main.obj
COMPILER INVOKED BY: D:\360Downloads\C51\BIN\C51.EXE main.c OPTIMIZE(8,SPEED) BROWSE DEBUG OBJECTEXTEND PRINT(.\Listings
                    -\main.lst) TABS(2) OBJECT(.\Objects\main.obj)

line level    source

   1          #include <REGX52.H>
   2          #include "Delay.h"
   3          #include "LCD1602.h"
   4          #include "Matrixkey.h"
   5          unsigned char keynum;//接收返回值
   6          unsigned int password,count;
   7          void main()
   8          {
   9   1        LCD_Init();
  10   1        //LCD_ShowString(1,1,"dasahbi");
  11   1        while(1)
  12   1        {
  13   2            LCD_ShowString(1,2,"password ");
  14   2          keynum=Matrixkey();
  15   2          if(keynum!=0)
  16   2          {
  17   3            if(keynum<=10)
  18   3            {
  19   4              if(count<4)
  20   4              {
  21   5                password*=10;
  22   5                password+=keynum%10;//获取一位密码
  23   5              }   
  24   4            count++;
  25   4            LCD_ShowNum(2,4,password,4);//更新显示
  26   4            }
  27   3          }
  28   2          if(keynum==11)
  29   2          {
  30   3            if(password==1234)
  31   3            {
  32   4              LCD_ShowString(1,14,"ok ");
  33   4              password=0;
  34   4              count=0;
  35   4              LCD_ShowNum(2,4,password,4);//更新显示
  36   4            }
  37   3            else
  38   3              LCD_ShowString(1,14,"err");
  39   3              password=0;
  40   3              count=0;
  41   3            LCD_ShowNum(2,4,password,4);//更新显示
  42   3          }
  43   2        } 
  44   1      }


MODULE INFORMATION:   STATIC OVERLAYABLE
   CODE SIZE        =    187    ----
   CONSTANT SIZE    =     18    ----
   XDATA SIZE       =   ----    ----
   PDATA SIZE       =   ----    ----
   DATA SIZE        =      5    ----
   IDATA SIZE       =   ----    ----
   BIT SIZE         =   ----    ----
C51 COMPILER V9.57.0.0   MAIN                                                              06/19/2024 10:34:43 PAGE 2   

END OF MODULE INFORMATION.


C51 COMPILATION COMPLETE.  0 WARNING(S),  0 ERROR(S)
