C51 COMPILER V9.57.0.0   MATRIXKEY                                                         06/19/2024 10:34:44 PAGE 1   


C51 COMPILER V9.57.0.0, COMPILATION OF MODULE MATRIXKEY
OBJECT MODULE PLACED IN .\Objects\Matrixkey.obj
COMPILER INVOKED BY: D:\360Downloads\C51\BIN\C51.EXE Matrixkey.c OPTIMIZE(8,SPEED) BROWSE DEBUG OBJECTEXTEND PRINT(.\Lis
                    -tings\Matrixkey.lst) TABS(2) OBJECT(.\Objects\Matrixkey.obj)

line level    source

   1          #include <REGX52.H>
   2          #include "Delay.h"
   3          
   4          /*
   5            *@brief 矩阵键盘读取按键键码 按照列来扫描
   6            *retval KENUMBER 按下按键的键码值，如果按下不放会停留在此函数，松手的一瞬间，返回按键键码
   7            */
   8          unsigned char Matrixkey()
   9          {
  10   1        unsigned char KeyNumber=0;
  11   1          P1=0xFF;
  12   1          P1_3=0;
  13   1        if(P1_7==0) {Delay(20); while (P1_7==0);Delay(20);KeyNumber=1;}
  14   1        if(P1_6==0) {Delay(20); while (P1_6==0);Delay(20);KeyNumber=5;}
  15   1        if(P1_5==0) {Delay(20); while (P1_5==0);Delay(20);KeyNumber=9;}
  16   1        if(P1_4==0) {Delay(20); while (P1_4==0);Delay(20);KeyNumber=13;}
  17   1          P1=0xFF;
  18   1          P1_2=0;
  19   1        if(P1_7==0) {Delay(20); while (P1_7==0);Delay(20);KeyNumber=2;}
  20   1        if(P1_6==0) {Delay(20); while (P1_6==0);Delay(20);KeyNumber=6;}
  21   1        if(P1_5==0) {Delay(20); while (P1_5==0);Delay(20);KeyNumber=10;}
  22   1        if(P1_4==0) {Delay(20); while (P1_4==0);Delay(20);KeyNumber=14; }
  23   1          P1=0xFF;
  24   1          P1_1=0;
  25   1        if(P1_7==0) {Delay(20); while (P1_7==0);Delay(20);KeyNumber=3;}
  26   1        if(P1_6==0) {Delay(20); while (P1_6==0);Delay(20);KeyNumber=7;}
  27   1        if(P1_5==0) {Delay(20); while (P1_5==0);Delay(20);KeyNumber=11;}
  28   1        if(P1_4==0) {Delay(20); while (P1_4==0);Delay(20);KeyNumber=15; }
  29   1          P1=0xFF;
  30   1          P1_0=0;
  31   1        if(P1_7==0) {Delay(20); while (P1_7==0);Delay(20);KeyNumber=4;}
  32   1        if(P1_6==0) {Delay(20); while (P1_6==0);Delay(20);KeyNumber=8;}
  33   1        if(P1_5==0) {Delay(20); while (P1_5==0);Delay(20);KeyNumber=12;}
  34   1        if(P1_4==0) {Delay(20); while (P1_4==0);Delay(20);KeyNumber=16;}
  35   1        return KeyNumber;
  36   1      }


MODULE INFORMATION:   STATIC OVERLAYABLE
   CODE SIZE        =    393    ----
   CONSTANT SIZE    =   ----    ----
   XDATA SIZE       =   ----    ----
   PDATA SIZE       =   ----    ----
   DATA SIZE        =   ----       1
   IDATA SIZE       =   ----    ----
   BIT SIZE         =   ----    ----
END OF MODULE INFORMATION.


C51 COMPILATION COMPLETE.  0 WARNING(S),  0 ERROR(S)
