C51 COMPILER V9.57.0.0   MAIN                                                              06/17/2024 15:50:40 PAGE 1   


C51 COMPILER V9.57.0.0, COMPILATION OF MODULE MAIN
OBJECT MODULE PLACED IN .\Objects\main.obj
COMPILER INVOKED BY: D:\360Downloads\C51\BIN\C51.EXE main.c OPTIMIZE(8,SPEED) BROWSE DEBUG OBJECTEXTEND PRINT(.\Listings
                    -\main.lst) TABS(2) OBJECT(.\Objects\main.obj)

line level    source

   1          #include <REGX52.H>
   2          #include "LCD1602.h"
   3          #include "Delay.h"
   4           void main()
   5           {
   6   1         int result=0;
   7   1         LCD_Init();
   8   1         //LCD_ShowChar(1,1,'A');
   9   1         //LCD_ShowString(1,3,"LOVE XIOAJING");
  10   1         //LCD_ShowNum(1,1,);
  11   1         
  12   1         while(1)
  13   1         {
  14   2           result ++;
  15   2           Delay(1500);
  16   2           LCD_ShowNum(1,1,result,3);
  17   2         }
  18   1       }


MODULE INFORMATION:   STATIC OVERLAYABLE
   CODE SIZE        =     39    ----
   CONSTANT SIZE    =   ----    ----
   XDATA SIZE       =   ----    ----
   PDATA SIZE       =   ----    ----
   DATA SIZE        =   ----       2
   IDATA SIZE       =   ----    ----
   BIT SIZE         =   ----    ----
END OF MODULE INFORMATION.


C51 COMPILATION COMPLETE.  0 WARNING(S),  0 ERROR(S)
