C51 COMPILER V9.57.0.0   MAIN                                                              06/15/2024 11:17:16 PAGE 1   


C51 COMPILER V9.57.0.0, COMPILATION OF MODULE MAIN
OBJECT MODULE PLACED IN .\Objects\main.obj
COMPILER INVOKED BY: D:\360Downloads\C51\BIN\C51.EXE main.c OPTIMIZE(8,SPEED) BROWSE DEBUG OBJECTEXTEND PRINT(.\Listings
                    -\main.lst) TABS(2) OBJECT(.\Objects\main.obj)

line level    source

   1          #include <REGX52.H>
   2          #include <INTRINS.H>
   3          void Delay(unsigned int xms)    //延时函数
   4          {
   5   1        unsigned char i, j;
   6   1        while(xms--)
   7   1            {
   8   2        _nop_();
   9   2        i = 2;
  10   2        j = 199;
  11   2        do
  12   2        {
  13   3          while (--j);
  14   3        } while (--i);
  15   2            }     
  16   1      }
  17          unsigned char lednum;
  18          void main()
  19          {
  20   1        P2=~0x01;
  21   1        while(1)
  22   1        {
  23   2          if(P3_1==0)
  24   2            {
  25   3              Delay(20);
  26   3              while(P3_1==0);
  27   3              Delay(20);
  28   3              lednum++;
  29   3              if(lednum>8)
  30   3                lednum =0;
  31   3                P2=~(0x01<<lednum);       
  32   3            }
  33   2          if(P3_0==0)
  34   2          {
  35   3            Delay(20);
  36   3            while(P3_0==0);
  37   3            Delay(20);
  38   3            if(lednum==0)
  39   3              lednum=7;
  40   3            else
  41   3              lednum--;
  42   3            P2=~(0x01<<lednum); 
  43   3          }
  44   2        }
  45   1      }
  46          
  47          //  unsigned int lednum=0;
  48          //while(1)
  49          //{
  50          //  if(P3_1==0)
  51          //  {
  52          //    Delay(20);
  53          //    while(P3_1==0);
  54          //    Delay(20);
C51 COMPILER V9.57.0.0   MAIN                                                              06/15/2024 11:17:16 PAGE 2   

  55          //    lednum++;
  56          //    P2=~lednum;
  57          //    
  58          //  }
  59          //}
  60          //*******************************************
  61          //while(1)
  62          //  {
  63          //  if(P3_1==0)
  64          //    {
  65          //      Delay(20);//按键消除抖动
  66          //      while(P3_1==0)判断按键是否持续按下
  67          //      Delay(20);
  68          //      P2_0=~P2_0;取反
  69          //    }
  70          //  }
  71          //*********************************************
  72          //  P2=0xFE;
  73            
  74          //  
  75          //  while(1)
  76          //  {
  77          //    if(P3_1==0)
  78          //    {
  79          //      P2_0=0;
  80          //    }
  81          //    else
  82          //    {
  83          //      P2_0=1;***按下亮，松开熄灭
  84          //    }
  85          //  }


MODULE INFORMATION:   STATIC OVERLAYABLE
   CODE SIZE        =    110    ----
   CONSTANT SIZE    =   ----    ----
   XDATA SIZE       =   ----    ----
   PDATA SIZE       =   ----    ----
   DATA SIZE        =      1    ----
   IDATA SIZE       =   ----    ----
   BIT SIZE         =   ----    ----
END OF MODULE INFORMATION.


C51 COMPILATION COMPLETE.  0 WARNING(S),  0 ERROR(S)
