C51 COMPILER V9.57.0.0   NEW                                                               07/06/2024 15:52:36 PAGE 1   


C51 COMPILER V9.57.0.0, COMPILATION OF MODULE NEW
OBJECT MODULE PLACED IN .\Objects\new.obj
COMPILER INVOKED BY: D:\360Downloads\C51\BIN\C51.EXE new.c OPTIMIZE(8,SPEED) BROWSE DEBUG OBJECTEXTEND PRINT(.\Listings\
                    -new.lst) TABS(2) OBJECT(.\Objects\new.obj)

line level    source

   1          #include <REGX52.H>
   2          #include "Delay.h"
   3          #include "UART.h"
   4          
   5          void main()
   6          {
   7   1        UART_Init();
   8   1      
   9   1        while(1)
  10   1        {
  11   2      
  12   2        }
  13   1      }
  14          
  15          void UART_Routine() interrupt 4
  16          {
  17   1        if(RI == 1)
  18   1        {
  19   2          P2 = ~SBUF;
  20   2          UART_SendByte(SUBF);
*** ERROR C202 IN LINE 20 OF new.c: 'SUBF': undefined identifier
  21   2          RI = 0;
  22   2        }
  23   1      }

C51 COMPILATION COMPLETE.  0 WARNING(S),  1 ERROR(S)
