C51 COMPILER V9.57.0.0   UART                                                              07/06/2024 15:52:36 PAGE 1   


C51 COMPILER V9.57.0.0, COMPILATION OF MODULE UART
OBJECT MODULE PLACED IN .\Objects\UART.obj
COMPILER INVOKED BY: D:\360Downloads\C51\BIN\C51.EXE UART.c OPTIMIZE(8,SPEED) BROWSE DEBUG OBJECTEXTEND PRINT(.\Listings
                    -\UART.lst) TABS(2) OBJECT(.\Objects\UART.obj)

line level    source

   1          #include <REGX52.H>
   2          
   3          
   4          /**
   5            *@brief串口初始化
   6            *@parpm
   7            *@retval
   8            */
   9          void UART_Init()    //4800bps@11.0592MHz
  10          {
  11   1        PCON |= 0x80;   //使能波特率倍速位SMOD
  12   1        SCON = 0x50;    //8位数据,可变波特率
  13   1        TMOD &= 0x0F;   //清除定时器1模式位
  14   1        TMOD |= 0x20;   //设定定时器1为8位自动重装方式
  15   1        TL1 = 0xF4;   //设定定时初值
  16   1        TH1 = 0xF4;   //设定定时器重装值
  17   1        ET1 = 0;    //禁止定时器1中断
  18   1        TR1 = 1;    //启动定时器1
  19   1        EA = 1;
  20   1        ES = 1;
  21   1      }
  22          
  23          /**
  24            *@brief串口发送一个字节得数据
  25            *@parpm
  26            *@retval
  27            */
  28          void UART_SendByte(unsigned char Byte)
  29          {
  30   1        SBUF = Byte;
  31   1        while(TI == 0);
  32   1        TI = 0;
  33   1      }


MODULE INFORMATION:   STATIC OVERLAYABLE
   CODE SIZE        =     35    ----
   CONSTANT SIZE    =   ----    ----
   XDATA SIZE       =   ----    ----
   PDATA SIZE       =   ----    ----
   DATA SIZE        =   ----    ----
   IDATA SIZE       =   ----    ----
   BIT SIZE         =   ----    ----
END OF MODULE INFORMATION.


C51 COMPILATION COMPLETE.  0 WARNING(S),  0 ERROR(S)
